Thu 21 Mar 2024 08:09:51 PM UTC: 
 tests:  0|5
total_score: 0/70
0324146
Thu 21 Mar 2024 08:16:00 PM UTC: 
 exercises.c | 10 +++++++++-
 1 file changed, 9 insertions(+), 1 deletion(-)
 tests:  1|4
total_score: 10/70
7e560a0
Thu 21 Mar 2024 08:17:17 PM UTC: 
 exercises.c | 11 +++++++++--
 1 file changed, 9 insertions(+), 2 deletions(-)
In file included from test.c:5:
exercises.c: In function ‘sumaLista’:
exercises.c:67:4: error: this ‘while’ clause does not guard... [-Werror=misleading-indentation]
   67 |    while(dato != NULL)
      |    ^~~~~
exercises.c:69:6: note: ...this statement, but the latter is misleadingly indented as if it were guarded by the ‘while’
   69 |      dato = (int*)next(L);
      |      ^~~~
cc1: all warnings being treated as errors
Compilation failed
145a191
Thu 21 Mar 2024 08:17:29 PM UTC: 
 exercises.c | 2 +-
 1 file changed, 1 insertion(+), 1 deletion(-)
In file included from test.c:5:
exercises.c: In function ‘sumaLista’:
exercises.c:67:4: error: this ‘while’ clause does not guard... [-Werror=misleading-indentation]
   67 |    while(dato != NULL)
      |    ^~~~~
exercises.c:69:6: note: ...this statement, but the latter is misleadingly indented as if it were guarded by the ‘while’
   69 |      *dato = (int*)next(L);
      |      ^
exercises.c:69:12: error: assignment to ‘int’ from ‘int *’ makes integer from pointer without a cast [-Werror=int-conversion]
   69 |      *dato = (int*)next(L);
      |            ^
cc1: all warnings being treated as errors
Compilation failed
ffbb6fa
Thu 21 Mar 2024 08:18:11 PM UTC: 
 exercises.c | 2 ++
 1 file changed, 2 insertions(+)
In file included from test.c:5:
exercises.c: In function ‘sumaLista’:
exercises.c:70:12: error: assignment to ‘int’ from ‘int *’ makes integer from pointer without a cast [-Werror=int-conversion]
   70 |      *dato = (int*)next(L);
      |            ^
cc1: all warnings being treated as errors
Compilation failed
0f790a8
Thu 21 Mar 2024 08:18:27 PM UTC: 
 exercises.c | 2 +-
 1 file changed, 1 insertion(+), 1 deletion(-)
In file included from test.c:5:
exercises.c: In function ‘sumaLista’:
exercises.c:69:11: error: assignment to ‘int’ from ‘int *’ makes integer from pointer without a cast [-Werror=int-conversion]
   69 |      suma += dato;
      |           ^~
exercises.c:70:12: error: assignment to ‘int’ from ‘int *’ makes integer from pointer without a cast [-Werror=int-conversion]
   70 |      *dato = (int*)next(L);
      |            ^
cc1: all warnings being treated as errors
Compilation failed
8913e64
Thu 21 Mar 2024 08:18:52 PM UTC: 
 exercises.c | 2 +-
 1 file changed, 1 insertion(+), 1 deletion(-)
In file included from test.c:5:
exercises.c: In function ‘sumaLista’:
exercises.c:70:12: error: assignment to ‘int’ from ‘int *’ makes integer from pointer without a cast [-Werror=int-conversion]
   70 |      *dato = (int*)next(L);
      |            ^
cc1: all warnings being treated as errors
Compilation failed
70b1bb8
Thu 21 Mar 2024 08:19:10 PM UTC: 
 exercises.c | 2 +-
 1 file changed, 1 insertion(+), 1 deletion(-)
In file included from test.c:5:
exercises.c: In function ‘sumaLista’:
exercises.c:69:11: error: assignment to ‘int’ from ‘int *’ makes integer from pointer without a cast [-Werror=int-conversion]
   69 |      suma += dato;
      |           ^~
exercises.c:70:12: error: assignment to ‘int’ from ‘int *’ makes integer from pointer without a cast [-Werror=int-conversion]
   70 |      *dato = (int*)next(L);
      |            ^
cc1: all warnings being treated as errors
Compilation failed
a1d8470
Thu 21 Mar 2024 08:19:20 PM UTC: 
 exercises.c | 2 +-
 1 file changed, 1 insertion(+), 1 deletion(-)
In file included from test.c:5:
exercises.c: In function ‘sumaLista’:
exercises.c:69:11: error: assignment to ‘int’ from ‘int *’ makes integer from pointer without a cast [-Werror=int-conversion]
   69 |      suma += dato;
      |           ^~
cc1: all warnings being treated as errors
Compilation failed
2d9984a
Thu 21 Mar 2024 08:20:20 PM UTC: 
 exercises.c | 9 ++++-----
 1 file changed, 4 insertions(+), 5 deletions(-)
In file included from test.c:5:
exercises.c: In function ‘sumaLista’:
exercises.c:66:16: error: comparison between pointer and integer [-Werror]
   66 |    while(*dato != NULL)
      |                ^~
exercises.c:69:12: error: assignment to ‘int’ from ‘int *’ makes integer from pointer without a cast [-Werror=int-conversion]
   69 |      *dato = (int*)next(L);
      |            ^
cc1: all warnings being treated as errors
Compilation failed
be485e4
Thu 21 Mar 2024 08:20:32 PM UTC: 
 exercises.c | 2 +-
 1 file changed, 1 insertion(+), 1 deletion(-)
In file included from test.c:5:
exercises.c: In function ‘sumaLista’:
exercises.c:69:12: error: assignment to ‘int’ from ‘int *’ makes integer from pointer without a cast [-Werror=int-conversion]
   69 |      *dato = (int*)next(L);
      |            ^
cc1: all warnings being treated as errors
Compilation failed
5b0face
Thu 21 Mar 2024 08:20:56 PM UTC: 
 exercises.c | 2 +-
 1 file changed, 1 insertion(+), 1 deletion(-)
 tests:  2|3
total_score: 20/70
a24685f
Thu 21 Mar 2024 08:22:50 PM UTC: 
 exercises.c | 11 +++++++++--
 1 file changed, 9 insertions(+), 2 deletions(-)
 tests:  3|2
total_score: 40/70
d8301bf
Thu 21 Mar 2024 08:31:43 PM UTC: 
 exercises.c | 15 ++++++++++++++-
 1 file changed, 14 insertions(+), 1 deletion(-)
 tests:  3|2
total_score: 40/70
7317f15
Thu 21 Mar 2024 08:32:05 PM UTC: 
 exercises.c | 2 +-
 1 file changed, 1 insertion(+), 1 deletion(-)
 tests:  4|1
total_score: 50/70
56b10ef
Thu 21 Mar 2024 08:41:25 PM UTC: 
 exercises.c | 17 ++++++++++++++++-
 1 file changed, 16 insertions(+), 1 deletion(-)
In file included from test.c:5:
exercises.c: In function ‘parentesisBalanceados’:
exercises.c:135:18: error: expected expression before ‘)’ token
  135 |       if(dato == )
      |                  ^
Compilation failed
cf12b59
Thu 21 Mar 2024 08:41:41 PM UTC: 
 exercises.c | 2 +-
 1 file changed, 1 insertion(+), 1 deletion(-)
 tests:  4|1
total_score: 50/70
901b73f
Thu 21 Mar 2024 08:43:05 PM UTC: 
 exercises.c | 3 +--
 1 file changed, 1 insertion(+), 2 deletions(-)
In file included from test.c:5:
exercises.c: In function ‘parentesisBalanceados’:
exercises.c:135:27: error: suggest parentheses around ‘&&’ within ‘||’ [-Werror=parentheses]
  135 |       if(cadena[i] == ')' && *dato != '(' || cadena[i] == ']' && *dato != '[' || cadena[i] == '}' && *dato != '{'))
      |          ~~~~~~~~~~~~~~~~~^~~~~~~~~~~~~~~
exercises.c:135:99: error: suggest parentheses around ‘&&’ within ‘||’ [-Werror=parentheses]
  135 |       if(cadena[i] == ')' && *dato != '(' || cadena[i] == ']' && *dato != '[' || cadena[i] == '}' && *dato != '{'))
      |                                                                                  ~~~~~~~~~~~~~~~~~^~~~~~~~~~~~~~~
exercises.c:135:115: error: expected statement before ‘)’ token
  135 |       if(cadena[i] == ')' && *dato != '(' || cadena[i] == ']' && *dato != '[' || cadena[i] == '}' && *dato != '{'))
      |                                                                                                                   ^
cc1: all warnings being treated as errors
Compilation failed
814c399
Thu 21 Mar 2024 08:43:51 PM UTC: 
 exercises.c | 2 +-
 1 file changed, 1 insertion(+), 1 deletion(-)
In file included from test.c:5:
exercises.c: In function ‘parentesisBalanceados’:
exercises.c:135:27: error: suggest parentheses around ‘&&’ within ‘||’ [-Werror=parentheses]
  135 |       if(cadena[i] == ')' && *dato == '(' || cadena[i] == ']' && *dato == '[' || cadena[i] == '}' && *dato == '{'))
      |          ~~~~~~~~~~~~~~~~~^~~~~~~~~~~~~~~
exercises.c:135:99: error: suggest parentheses around ‘&&’ within ‘||’ [-Werror=parentheses]
  135 |       if(cadena[i] == ')' && *dato == '(' || cadena[i] == ']' && *dato == '[' || cadena[i] == '}' && *dato == '{'))
      |                                                                                  ~~~~~~~~~~~~~~~~~^~~~~~~~~~~~~~~
exercises.c:135:115: error: expected statement before ‘)’ token
  135 |       if(cadena[i] == ')' && *dato == '(' || cadena[i] == ']' && *dato == '[' || cadena[i] == '}' && *dato == '{'))
      |                                                                                                                   ^
cc1: all warnings being treated as errors
Compilation failed
ef6f4e6
Thu 21 Mar 2024 08:44:32 PM UTC: 
 exercises.c | 2 +-
 1 file changed, 1 insertion(+), 1 deletion(-)
In file included from test.c:5:
exercises.c: In function ‘parentesisBalanceados’:
exercises.c:135:27: error: suggest parentheses around ‘&&’ within ‘||’ [-Werror=parentheses]
  135 |       if(cadena[i] == ')' && *dato == '(' || (cadena[i] == ']' && *dato == '[') || cadena[i] == '}' && *dato == '{')
      |          ~~~~~~~~~~~~~~~~~^~~~~~~~~~~~~~~
exercises.c:135:101: error: suggest parentheses around ‘&&’ within ‘||’ [-Werror=parentheses]
  135 |       if(cadena[i] == ')' && *dato == '(' || (cadena[i] == ']' && *dato == '[') || cadena[i] == '}' && *dato == '{')
      |                                                                                    ~~~~~~~~~~~~~~~~~^~~~~~~~~~~~~~~
cc1: all warnings being treated as errors
Compilation failed
5c8dc39
Thu 21 Mar 2024 08:44:48 PM UTC: 
 exercises.c | 2 +-
 1 file changed, 1 insertion(+), 1 deletion(-)
In file included from test.c:5:
exercises.c: In function ‘parentesisBalanceados’:
exercises.c:135:27: error: suggest parentheses around ‘&&’ within ‘||’ [-Werror=parentheses]
  135 |       if(cadena[i] == ')' && *dato == '(' || cadena[i] == ']' && *dato == '[' || cadena[i] == '}' && *dato == '{')
      |          ~~~~~~~~~~~~~~~~~^~~~~~~~~~~~~~~
exercises.c:135:99: error: suggest parentheses around ‘&&’ within ‘||’ [-Werror=parentheses]
  135 |       if(cadena[i] == ')' && *dato == '(' || cadena[i] == ']' && *dato == '[' || cadena[i] == '}' && *dato == '{')
      |                                                                                  ~~~~~~~~~~~~~~~~~^~~~~~~~~~~~~~~
cc1: all warnings being treated as errors
Compilation failed
ddf27f6
Thu 21 Mar 2024 08:46:58 PM UTC: 
 exercises.c | 2 +-
 1 file changed, 1 insertion(+), 1 deletion(-)
 tests:  0|0
d81790d
Thu 21 Mar 2024 08:50:57 PM UTC: 
 exercises.c | 8 ++------
 1 file changed, 2 insertions(+), 6 deletions(-)
In file included from test.c:6:
arraylist.c: In function ‘create_list’:
arraylist.c:15:34: error: invalid application of ‘sizeof’ to incomplete type ‘List’
   15 |   List* L = (List*)malloc(sizeof(List));
      |                                  ^~~~
arraylist.c:16:4: error: invalid use of incomplete typedef ‘List’
   16 |   L->current = 0;
      |    ^~
arraylist.c:17:4: error: invalid use of incomplete typedef ‘List’
   17 |   L->size = 0;
      |    ^~
arraylist.c: In function ‘first’:
arraylist.c:22:7: error: invalid use of incomplete typedef ‘List’
   22 |   if(L->size == 0) {
      |       ^~
arraylist.c:25:4: error: invalid use of incomplete typedef ‘List’
   25 |   L->current = 0;
      |    ^~
arraylist.c:26:11: error: invalid use of incomplete typedef ‘List’
   26 |   return L->data[L->current];
      |           ^~
arraylist.c:26:19: error: invalid use of incomplete typedef ‘List’
   26 |   return L->data[L->current];
      |                   ^~
arraylist.c: In function ‘next’:
arraylist.c:30:7: error: invalid use of incomplete typedef ‘List’
   30 |   if(L->current < L->size - 1) {
      |       ^~
arraylist.c:30:20: error: invalid use of incomplete typedef ‘List’
   30 |   if(L->current < L->size - 1) {
      |                    ^~
arraylist.c:31:6: error: invalid use of incomplete typedef ‘List’
   31 |     L->current++;
      |      ^~
arraylist.c:32:13: error: invalid use of incomplete typedef ‘List’
   32 |     return L->data[L->current];
      |             ^~
arraylist.c:32:21: error: invalid use of incomplete typedef ‘List’
   32 |     return L->data[L->current];
      |                     ^~
arraylist.c: In function ‘pushFront’:
arraylist.c:38:7: error: invalid use of incomplete typedef ‘List’
   38 |   if(L->size == 0) {
      |       ^~
arraylist.c:39:6: error: invalid use of incomplete typedef ‘List’
   39 |     L->data[0] = dato;
      |      ^~
arraylist.c:40:6: error: invalid use of incomplete typedef ‘List’
   40 |     L->size++;
      |      ^~
arraylist.c:43:16: error: invalid use of incomplete typedef ‘List’
   43 |   for(int i = L->size; i > 0; i--) {
      |                ^~
arraylist.c:44:6: error: invalid use of incomplete typedef ‘List’
   44 |     L->data[i] = L->data[i - 1];
      |      ^~
arraylist.c:44:19: error: invalid use of incomplete typedef ‘List’
   44 |     L->data[i] = L->data[i - 1];
      |                   ^~
arraylist.c:46:4: error: invalid use of incomplete typedef ‘List’
   46 |   L->data[0] = dato;
      |    ^~
arraylist.c:47:4: error: invalid use of incomplete typedef ‘List’
   47 |   L->size++;
      |    ^~
arraylist.c: In function ‘pushBack’:
arraylist.c:51:4: error: invalid use of incomplete typedef ‘List’
   51 |   L->data[L->size] = dato;
      |    ^~
arraylist.c:51:12: error: invalid use of incomplete typedef ‘List’
   51 |   L->data[L->size] = dato;
      |            ^~
arraylist.c:52:4: error: invalid use of incomplete typedef ‘List’
   52 |   L->size++;
      |    ^~
arraylist.c: In function ‘pushCurrent’:
arraylist.c:56:7: error: invalid use of incomplete typedef ‘List’
   56 |   if(L->size == 0) {
      |       ^~
arraylist.c:57:6: error: invalid use of incomplete typedef ‘List’
   57 |     L->data[0] = dato;
      |      ^~
arraylist.c:58:6: error: invalid use of incomplete typedef ‘List’
   58 |     L->size++;
      |      ^~
arraylist.c:61:16: error: invalid use of incomplete typedef ‘List’
   61 |   for(int i = L->size; i > L->current; i--) {
      |                ^~
arraylist.c:61:29: error: invalid use of incomplete typedef ‘List’
   61 |   for(int i = L->size; i > L->current; i--) {
      |                             ^~
arraylist.c:62:6: error: invalid use of incomplete typedef ‘List’
   62 |     L->data[i] = L->data[i - 1];
      |      ^~
arraylist.c:62:19: error: invalid use of incomplete typedef ‘List’
   62 |     L->data[i] = L->data[i - 1];
      |                   ^~
arraylist.c:64:4: error: invalid use of incomplete typedef ‘List’
   64 |   L->data[L->current + 1] = dato;
      |    ^~
arraylist.c:64:12: error: invalid use of incomplete typedef ‘List’
   64 |   L->data[L->current + 1] = dato;
      |            ^~
arraylist.c:65:4: error: invalid use of incomplete typedef ‘List’
   65 |   L->size++;
      |    ^~
arraylist.c: In function ‘popFront’:
arraylist.c:69:7: error: invalid use of incomplete typedef ‘List’
   69 |   if(L->size == 0) {
      |       ^~
arraylist.c:72:17: error: invalid use of incomplete typedef ‘List’
   72 |   void* dato = L->data[0];
      |                 ^~
arraylist.c:73:23: error: invalid use of incomplete typedef ‘List’
   73 |   for(int i = 0; i < L->size - 1; i++) {
      |                       ^~
arraylist.c:74:6: error: invalid use of incomplete typedef ‘List’
   74 |     L->data[i] = L->data[i + 1];
      |      ^~
arraylist.c:74:19: error: invalid use of incomplete typedef ‘List’
   74 |     L->data[i] = L->data[i + 1];
      |                   ^~
arraylist.c:76:4: error: invalid use of incomplete typedef ‘List’
   76 |   L->size--;
      |    ^~
arraylist.c: In function ‘popBack’:
arraylist.c:81:7: error: invalid use of incomplete typedef ‘List’
   81 |   if(L->size == 0) {
      |       ^~
arraylist.c:84:17: error: invalid use of incomplete typedef ‘List’
   84 |   void* dato = L->data[L->size - 1];
      |                 ^~
arraylist.c:84:25: error: invalid use of incomplete typedef ‘List’
   84 |   void* dato = L->data[L->size - 1];
      |                         ^~
arraylist.c:85:4: error: invalid use of incomplete typedef ‘List’
   85 |   L->size--;
      |    ^~
arraylist.c: In function ‘popCurrent’:
arraylist.c:90:7: error: invalid use of incomplete typedef ‘List’
   90 |   if(L->size == 0) {
      |       ^~
arraylist.c:93:17: error: invalid use of incomplete typedef ‘List’
   93 |   void* dato = L->data[L->current];
      |                 ^~
arraylist.c:93:25: error: invalid use of incomplete typedef ‘List’
   93 |   void* dato = L->data[L->current];
      |                         ^~
arraylist.c:94:16: error: invalid use of incomplete typedef ‘List’
   94 |   for(int i = L->current; i < L->size - 1; i++) {
      |                ^~
arraylist.c:94:32: error: invalid use of incomplete typedef ‘List’
   94 |   for(int i = L->current; i < L->size - 1; i++) {
      |                                ^~
arraylist.c:95:6: error: invalid use of incomplete typedef ‘List’
   95 |     L->data[i] = L->data[i + 1];
      |      ^~
arraylist.c:95:19: error: invalid use of incomplete typedef ‘List’
   95 |     L->data[i] = L->data[i + 1];
      |                   ^~
arraylist.c:97:4: error: invalid use of incomplete typedef ‘List’
   97 |   L->size--;
      |    ^~
arraylist.c:98:4: error: invalid use of incomplete typedef ‘List’
   98 |   L->current--;
      |    ^~
arraylist.c: In function ‘get_size’:
arraylist.c:103:11: error: invalid use of incomplete typedef ‘List’
  103 |   return L->size;
      |           ^~
test.c: In function ‘parentesisBalanceados’:
test.c:253:5: error: ‘main’ is normally a non-static function [-Werror=main]
  253 | int main( int argc, char *argv[] ) {
      |     ^~~~
test.c:271:1: error: expected declaration or statement at end of input
  271 | }
      | ^
test.c:272: error: control reaches end of non-void function [-Werror=return-type]
In file included from test.c:6:
arraylist.c: In function ‘first’:
arraylist.c:27:1: error: control reaches end of non-void function [-Werror=return-type]
   27 | }
      | ^
At top level:
test.c:253:5: error: ‘main’ defined but not used [-Werror=unused-function]
  253 | int main( int argc, char *argv[] ) {
      |     ^~~~
test.c:37:6: error: ‘info_msg’ defined but not used [-Werror=unused-function]
   37 | void info_msg(char* msg){
      |      ^~~~~~~~
In file included from test.c:6:
arraylist.c:102:5: error: ‘get_size’ defined but not used [-Werror=unused-function]
  102 | int get_size(List *L) {
      |     ^~~~~~~~
arraylist.c:89:7: error: ‘popCurrent’ defined but not used [-Werror=unused-function]
   89 | void* popCurrent(List *L) {
      |       ^~~~~~~~~~
arraylist.c:80:7: error: ‘popBack’ defined but not used [-Werror=unused-function]
   80 | void* popBack(List *L) {
      |       ^~~~~~~
arraylist.c:68:7: error: ‘popFront’ defined but not used [-Werror=unused-function]
   68 | void* popFront(List *L) {
      |       ^~~~~~~~
arraylist.c:55:6: error: ‘pushCurrent’ defined but not used [-Werror=unused-function]
   55 | void pushCurrent(List *L, void *dato) {
      |      ^~~~~~~~~~~
arraylist.c:37:6: error: ‘pushFront’ defined but not used [-Werror=unused-function]
   37 | void pushFront(List *L, void *dato) {
      |      ^~~~~~~~~
cc1: all warnings being treated as errors
Compilation failed
949a38b
Thu 21 Mar 2024 08:53:19 PM UTC: 
 exercises.c | 2 ++
 1 file changed, 2 insertions(+)
In file included from test.c:5:
exercises.c: In function ‘parentesisBalanceados’:
exercises.c:136:33: error: suggest parentheses around ‘&&’ within ‘||’ [-Werror=parentheses]
  136 |             if(cadena[i] == ')' && *(char*)top(P) != '(' || cadena[i] == ']' && *(char*)top(P) != '[' || cadena[i])
      |                ~~~~~~~~~~~~~~~~~^~~~~~~~~~~~~~~~~~~~~~~~
exercises.c:132:11: error: suggest explicit braces to avoid ambiguous ‘else’ [-Werror=dangling-else]
  132 |         if(cadena[i] == ')' || cadena[i] == ']' || cadena[i] == ')')
      |           ^
In file included from test.c:6:
arraylist.c: In function ‘create_list’:
arraylist.c:15:34: error: invalid application of ‘sizeof’ to incomplete type ‘List’
   15 |   List* L = (List*)malloc(sizeof(List));
      |                                  ^~~~
arraylist.c:16:4: error: invalid use of incomplete typedef ‘List’
   16 |   L->current = 0;
      |    ^~
arraylist.c:17:4: error: invalid use of incomplete typedef ‘List’
   17 |   L->size = 0;
      |    ^~
arraylist.c: In function ‘first’:
arraylist.c:22:7: error: invalid use of incomplete typedef ‘List’
   22 |   if(L->size == 0) {
      |       ^~
arraylist.c:25:4: error: invalid use of incomplete typedef ‘List’
   25 |   L->current = 0;
      |    ^~
arraylist.c:26:11: error: invalid use of incomplete typedef ‘List’
   26 |   return L->data[L->current];
      |           ^~
arraylist.c:26:19: error: invalid use of incomplete typedef ‘List’
   26 |   return L->data[L->current];
      |                   ^~
arraylist.c: In function ‘next’:
arraylist.c:30:7: error: invalid use of incomplete typedef ‘List’
   30 |   if(L->current < L->size - 1) {
      |       ^~
arraylist.c:30:20: error: invalid use of incomplete typedef ‘List’
   30 |   if(L->current < L->size - 1) {
      |                    ^~
arraylist.c:31:6: error: invalid use of incomplete typedef ‘List’
   31 |     L->current++;
      |      ^~
arraylist.c:32:13: error: invalid use of incomplete typedef ‘List’
   32 |     return L->data[L->current];
      |             ^~
arraylist.c:32:21: error: invalid use of incomplete typedef ‘List’
   32 |     return L->data[L->current];
      |                     ^~
arraylist.c: In function ‘pushFront’:
arraylist.c:38:7: error: invalid use of incomplete typedef ‘List’
   38 |   if(L->size == 0) {
      |       ^~
arraylist.c:39:6: error: invalid use of incomplete typedef ‘List’
   39 |     L->data[0] = dato;
      |      ^~
arraylist.c:40:6: error: invalid use of incomplete typedef ‘List’
   40 |     L->size++;
      |      ^~
arraylist.c:43:16: error: invalid use of incomplete typedef ‘List’
   43 |   for(int i = L->size; i > 0; i--) {
      |                ^~
arraylist.c:44:6: error: invalid use of incomplete typedef ‘List’
   44 |     L->data[i] = L->data[i - 1];
      |      ^~
arraylist.c:44:19: error: invalid use of incomplete typedef ‘List’
   44 |     L->data[i] = L->data[i - 1];
      |                   ^~
arraylist.c:46:4: error: invalid use of incomplete typedef ‘List’
   46 |   L->data[0] = dato;
      |    ^~
arraylist.c:47:4: error: invalid use of incomplete typedef ‘List’
   47 |   L->size++;
      |    ^~
arraylist.c: In function ‘pushBack’:
arraylist.c:51:4: error: invalid use of incomplete typedef ‘List’
   51 |   L->data[L->size] = dato;
      |    ^~
arraylist.c:51:12: error: invalid use of incomplete typedef ‘List’
   51 |   L->data[L->size] = dato;
      |            ^~
arraylist.c:52:4: error: invalid use of incomplete typedef ‘List’
   52 |   L->size++;
      |    ^~
arraylist.c: In function ‘pushCurrent’:
arraylist.c:56:7: error: invalid use of incomplete typedef ‘List’
   56 |   if(L->size == 0) {
      |       ^~
arraylist.c:57:6: error: invalid use of incomplete typedef ‘List’
   57 |     L->data[0] = dato;
      |      ^~
arraylist.c:58:6: error: invalid use of incomplete typedef ‘List’
   58 |     L->size++;
      |      ^~
arraylist.c:61:16: error: invalid use of incomplete typedef ‘List’
   61 |   for(int i = L->size; i > L->current; i--) {
      |                ^~
arraylist.c:61:29: error: invalid use of incomplete typedef ‘List’
   61 |   for(int i = L->size; i > L->current; i--) {
      |                             ^~
arraylist.c:62:6: error: invalid use of incomplete typedef ‘List’
   62 |     L->data[i] = L->data[i - 1];
      |      ^~
arraylist.c:62:19: error: invalid use of incomplete typedef ‘List’
   62 |     L->data[i] = L->data[i - 1];
      |                   ^~
arraylist.c:64:4: error: invalid use of incomplete typedef ‘List’
   64 |   L->data[L->current + 1] = dato;
      |    ^~
arraylist.c:64:12: error: invalid use of incomplete typedef ‘List’
   64 |   L->data[L->current + 1] = dato;
      |            ^~
arraylist.c:65:4: error: invalid use of incomplete typedef ‘List’
   65 |   L->size++;
      |    ^~
arraylist.c: In function ‘popFront’:
arraylist.c:69:7: error: invalid use of incomplete typedef ‘List’
   69 |   if(L->size == 0) {
      |       ^~
arraylist.c:72:17: error: invalid use of incomplete typedef ‘List’
   72 |   void* dato = L->data[0];
      |                 ^~
arraylist.c:73:23: error: invalid use of incomplete typedef ‘List’
   73 |   for(int i = 0; i < L->size - 1; i++) {
      |                       ^~
arraylist.c:74:6: error: invalid use of incomplete typedef ‘List’
   74 |     L->data[i] = L->data[i + 1];
      |      ^~
arraylist.c:74:19: error: invalid use of incomplete typedef ‘List’
   74 |     L->data[i] = L->data[i + 1];
      |                   ^~
arraylist.c:76:4: error: invalid use of incomplete typedef ‘List’
   76 |   L->size--;
      |    ^~
arraylist.c: In function ‘popBack’:
arraylist.c:81:7: error: invalid use of incomplete typedef ‘List’
   81 |   if(L->size == 0) {
      |       ^~
arraylist.c:84:17: error: invalid use of incomplete typedef ‘List’
   84 |   void* dato = L->data[L->size - 1];
      |                 ^~
arraylist.c:84:25: error: invalid use of incomplete typedef ‘List’
   84 |   void* dato = L->data[L->size - 1];
      |                         ^~
arraylist.c:85:4: error: invalid use of incomplete typedef ‘List’
   85 |   L->size--;
      |    ^~
arraylist.c: In function ‘popCurrent’:
arraylist.c:90:7: error: invalid use of incomplete typedef ‘List’
   90 |   if(L->size == 0) {
      |       ^~
arraylist.c:93:17: error: invalid use of incomplete typedef ‘List’
   93 |   void* dato = L->data[L->current];
      |                 ^~
arraylist.c:93:25: error: invalid use of incomplete typedef ‘List’
   93 |   void* dato = L->data[L->current];
      |                         ^~
arraylist.c:94:16: error: invalid use of incomplete typedef ‘List’
   94 |   for(int i = L->current; i < L->size - 1; i++) {
      |                ^~
arraylist.c:94:32: error: invalid use of incomplete typedef ‘List’
   94 |   for(int i = L->current; i < L->size - 1; i++) {
      |                                ^~
arraylist.c:95:6: error: invalid use of incomplete typedef ‘List’
   95 |     L->data[i] = L->data[i + 1];
      |      ^~
arraylist.c:95:19: error: invalid use of incomplete typedef ‘List’
   95 |     L->data[i] = L->data[i + 1];
      |                   ^~
arraylist.c:97:4: error: invalid use of incomplete typedef ‘List’
   97 |   L->size--;
      |    ^~
arraylist.c:98:4: error: invalid use of incomplete typedef ‘List’
   98 |   L->current--;
      |    ^~
arraylist.c: In function ‘get_size’:
arraylist.c:103:11: error: invalid use of incomplete typedef ‘List’
  103 |   return L->size;
      |           ^~
test.c: In function ‘parentesisBalanceados’:
test.c:253:5: error: ‘main’ is normally a non-static function [-Werror=main]
  253 | int main( int argc, char *argv[] ) {
      |     ^~~~
test.c:271:1: error: expected declaration or statement at end of input
  271 | }
      | ^
test.c:272: error: control reaches end of non-void function [-Werror=return-type]
In file included from test.c:6:
arraylist.c: In function ‘first’:
arraylist.c:27:1: error: control reaches end of non-void function [-Werror=return-type]
   27 | }
      | ^
At top level:
test.c:253:5: error: ‘main’ defined but not used [-Werror=unused-function]
  253 | int main( int argc, char *argv[] ) {
      |     ^~~~
test.c:37:6: error: ‘info_msg’ defined but not used [-Werror=unused-function]
   37 | void info_msg(char* msg){
      |      ^~~~~~~~
In file included from test.c:6:
arraylist.c:102:5: error: ‘get_size’ defined but not used [-Werror=unused-function]
  102 | int get_size(List *L) {
      |     ^~~~~~~~
arraylist.c:89:7: error: ‘popCurrent’ defined but not used [-Werror=unused-function]
   89 | void* popCurrent(List *L) {
      |       ^~~~~~~~~~
arraylist.c:80:7: error: ‘popBack’ defined but not used [-Werror=unused-function]
   80 | void* popBack(List *L) {
      |       ^~~~~~~
arraylist.c:68:7: error: ‘popFront’ defined but not used [-Werror=unused-function]
   68 | void* popFront(List *L) {
      |       ^~~~~~~~
arraylist.c:55:6: error: ‘pushCurrent’ defined but not used [-Werror=unused-function]
   55 | void pushCurrent(List *L, void *dato) {
      |      ^~~~~~~~~~~
arraylist.c:37:6: error: ‘pushFront’ defined but not used [-Werror=unused-function]
   37 | void pushFront(List *L, void *dato) {
      |      ^~~~~~~~~
cc1: all warnings being treated as errors
Compilation failed
c6b270a
